<?xml version="1.0" encoding="UTF-8"?>
<!-- Generated by org.testng.reporters.JUnitReportReporter -->
<testsuite hostname="hp" name="mf.cliente.VisitorPageTest" tests="1" failures="0" timestamp="15 Sep 2015 01:19:00 GMT" time="0.110" errors="1">
  <testcase name="test1" time="0.110" classname="mf.cliente.VisitorPageTest">
    <error type="java.lang.ExceptionInInitializerError">
      <![CDATA[java.lang.ExceptionInInitializerError
	at com.opera.core.systems.OperaSettings$Capability$7.getDefaultValue(OperaSettings.java:257)
	at com.opera.core.systems.OperaSettings$Capability$7.getDefaultValue(OperaSettings.java:251)
	at com.opera.core.systems.OperaSettings$CapabilityInstance.<init>(OperaSettings.java:669)
	at com.opera.core.systems.OperaSettings.<init>(OperaSettings.java:706)
	at com.opera.core.systems.OperaDriver.<init>(OperaDriver.java:153)
	at map.adaptee.Opera.openOpera(Opera.java:16)
	at map.adapter.OperaAdapter.launchBrowser(OperaAdapter.java:20)
	at mfp.fabricaConcreta.webFactoryPattern.buildBrowser(webFactoryPattern.java:121)
	at mf.cliente.VisitorPageTest.test1(VisitorPageTest.java:18)
	at sun.reflect.NativeMethodAccessorImpl.invoke0(Native Method)
	at sun.reflect.NativeMethodAccessorImpl.invoke(Unknown Source)
	at sun.reflect.DelegatingMethodAccessorImpl.invoke(Unknown Source)
	at java.lang.reflect.Method.invoke(Unknown Source)
	at org.testng.internal.MethodInvocationHelper.invokeMethod(MethodInvocationHelper.java:85)
	at org.testng.internal.Invoker.invokeMethod(Invoker.java:659)
	at org.testng.internal.Invoker.invokeTestMethod(Invoker.java:845)
	at org.testng.internal.Invoker.invokeTestMethods(Invoker.java:1153)
	at org.testng.internal.TestMethodWorker.invokeTestMethods(TestMethodWorker.java:124)
	at org.testng.internal.TestMethodWorker.run(TestMethodWorker.java:108)
	at org.testng.TestRunner.privateRun(TestRunner.java:771)
	at org.testng.TestRunner.run(TestRunner.java:621)
	at org.testng.SuiteRunner.runTest(SuiteRunner.java:357)
	at org.testng.SuiteRunner.runSequentially(SuiteRunner.java:352)
	at org.testng.SuiteRunner.privateRun(SuiteRunner.java:310)
	at org.testng.SuiteRunner.run(SuiteRunner.java:259)
	at org.testng.SuiteRunnerWorker.runSuite(SuiteRunnerWorker.java:52)
	at org.testng.SuiteRunnerWorker.run(SuiteRunnerWorker.java:86)
	at org.testng.TestNG.runSuitesSequentially(TestNG.java:1199)
	at org.testng.TestNG.runSuitesLocally(TestNG.java:1124)
	at org.testng.TestNG.run(TestNG.java:1032)
	at org.testng.remote.RemoteTestNG.run(RemoteTestNG.java:111)
	at org.testng.remote.RemoteTestNG.initAndRun(RemoteTestNG.java:204)
	at org.testng.remote.RemoteTestNG.main(RemoteTestNG.java:175)
Caused by: org.openqa.selenium.WebDriverException: Could not find a platform that supports bundled launchers, please set it manually
Build info: version: '2.37.0', revision: 'a7c61cb', time: '2013-10-18 17:14:00'
System info: host: 'hp', ip: '192.168.5.1', os.name: 'Windows 8.1', os.arch: 'x86', os.version: '6.3', java.version: '1.8.0_45'
Driver info: driver.version: OperaDriver
	at com.opera.core.systems.runner.launcher.OperaLauncherRunner.launcherNameForOS(OperaLauncherRunner.java:539)
	at com.opera.core.systems.runner.launcher.OperaLauncherRunner.<clinit>(OperaLauncherRunner.java:76)
	... 33 more
]]>
    </error>
  </testcase> <!-- test1 -->
</testsuite> <!-- mf.cliente.VisitorPageTest -->
